2025-03-15 21:21:27 [scrapy.utils.log] INFO: Scrapy 2.12.0 started (bot: javbus)
2025-03-15 21:21:27 [scrapy.utils.log] INFO: Scrapy 2.12.0 started (bot: javbus)
2025-03-15 21:21:27 [scrapy.utils.log] INFO: Versions: lxml 5.3.1.0, libxml2 2.12.9, cssselect 1.3.0, parsel 1.10.0, w3lib 2.3.1, Twisted 24.11.0, Python 3.9.21 (main, Dec  4 2024, 08:53:34) - [GCC 13.2.0], pyOpenSSL 25.0.0 (OpenSSL 3.4.1 11 Feb 2025), cryptography 44.0.2, Platform Linux-6.8.0-1024-aws-x86_64-with-glibc2.39
2025-03-15 21:21:27 [scrapy.utils.log] INFO: Versions: lxml 5.3.1.0, libxml2 2.12.9, cssselect 1.3.0, parsel 1.10.0, w3lib 2.3.1, Twisted 24.11.0, Python 3.9.21 (main, Dec  4 2024, 08:53:34) - [GCC 13.2.0], pyOpenSSL 25.0.0 (OpenSSL 3.4.1 11 Feb 2025), cryptography 44.0.2, Platform Linux-6.8.0-1024-aws-x86_64-with-glibc2.39
2025-03-15 21:21:27 [actresses_list] INFO: Reading start URLs from redis key 'actresses_list:start_urls' (batch size: 2, encoding: utf-8)
2025-03-15 21:21:27 [scrapy.addons] INFO: Enabled addons:
[]
2025-03-15 21:21:27 [actresses_list] INFO: Reading start URLs from redis key 'actresses_list:start_urls' (batch size: 2, encoding: utf-8)
2025-03-15 21:21:27 [scrapy.addons] INFO: Enabled addons:
[]
2025-03-15 21:21:27 [asyncio] DEBUG: Using selector: EpollSelector
2025-03-15 21:21:27 [asyncio] DEBUG: Using selector: EpollSelector
2025-03-15 21:21:27 [scrapy.utils.log] DEBUG: Using reactor: twisted.internet.asyncioreactor.AsyncioSelectorReactor
2025-03-15 21:21:27 [scrapy.utils.log] DEBUG: Using asyncio event loop: asyncio.unix_events._UnixSelectorEventLoop
2025-03-15 21:21:27 [scrapy.utils.log] DEBUG: Using reactor: twisted.internet.asyncioreactor.AsyncioSelectorReactor
2025-03-15 21:21:27 [scrapy.utils.log] DEBUG: Using asyncio event loop: asyncio.unix_events._UnixSelectorEventLoop
2025-03-15 21:21:27 [scrapy.utils.log] DEBUG: Using reactor: twisted.internet.asyncioreactor.AsyncioSelectorReactor
2025-03-15 21:21:27 [scrapy.utils.log] DEBUG: Using asyncio event loop: asyncio.unix_events._UnixSelectorEventLoop
2025-03-15 21:21:27 [scrapy.utils.log] DEBUG: Using reactor: twisted.internet.asyncioreactor.AsyncioSelectorReactor
2025-03-15 21:21:27 [scrapy.utils.log] DEBUG: Using asyncio event loop: asyncio.unix_events._UnixSelectorEventLoop
2025-03-15 21:21:27 [scrapy.extensions.telnet] INFO: Telnet Password: c021b8f18287ec46
2025-03-15 21:21:27 [scrapy.extensions.telnet] INFO: Telnet Password: 2b3d7cc1cac849af
2025-03-15 21:21:27 [scrapy.middleware] INFO: Enabled extensions:
['scrapy.extensions.corestats.CoreStats',
 'scrapy.extensions.telnet.TelnetConsole',
 'scrapy.extensions.memusage.MemoryUsage',
 'scrapy.extensions.logstats.LogStats',
 'javbus.extensions.LogExtension']
2025-03-15 21:21:27 [scrapy.middleware] INFO: Enabled extensions:
['scrapy.extensions.corestats.CoreStats',
 'scrapy.extensions.telnet.TelnetConsole',
 'scrapy.extensions.memusage.MemoryUsage',
 'scrapy.extensions.logstats.LogStats',
 'javbus.extensions.LogExtension']
2025-03-15 21:21:27 [scrapy.crawler] INFO: Overridden settings:
{'BOT_NAME': 'javbus',
 'CONCURRENT_REQUESTS': 2,
 'DOWNLOAD_DELAY': 4.4,
 'DOWNLOAD_TIMEOUT': 10,
 'DUPEFILTER_CLASS': 'scrapy_redis.dupefilter.RFPDupeFilter',
 'FEED_EXPORT_ENCODING': 'utf-8',
 'NEWSPIDER_MODULE': 'javbus.spiders',
 'RETRY_HTTP_CODES': [408, 500, 502, 503, 504, 403, 404],
 'RETRY_TIMES': 3,
 'SCHEDULER': 'scrapy_redis.scheduler.Scheduler',
 'SPIDER_MODULES': ['javbus.spiders'],
 'TWISTED_REACTOR': 'twisted.internet.asyncioreactor.AsyncioSelectorReactor'}
2025-03-15 21:21:27 [scrapy.crawler] INFO: Overridden settings:
{'BOT_NAME': 'javbus',
 'CONCURRENT_REQUESTS': 2,
 'DOWNLOAD_DELAY': 4.4,
 'DOWNLOAD_TIMEOUT': 10,
 'DUPEFILTER_CLASS': 'scrapy_redis.dupefilter.RFPDupeFilter',
 'FEED_EXPORT_ENCODING': 'utf-8',
 'NEWSPIDER_MODULE': 'javbus.spiders',
 'RETRY_HTTP_CODES': [408, 500, 502, 503, 504, 403, 404],
 'RETRY_TIMES': 3,
 'SCHEDULER': 'scrapy_redis.scheduler.Scheduler',
 'SPIDER_MODULES': ['javbus.spiders'],
 'TWISTED_REACTOR': 'twisted.internet.asyncioreactor.AsyncioSelectorReactor'}
2025-03-15 21:21:27 [scrapy.middleware] INFO: Enabled downloader middlewares:
['scrapy.downloadermiddlewares.offsite.OffsiteMiddleware',
 'scrapy.downloadermiddlewares.httpauth.HttpAuthMiddleware',
 'scrapy.downloadermiddlewares.downloadtimeout.DownloadTimeoutMiddleware',
 'scrapy.downloadermiddlewares.defaultheaders.DefaultHeadersMiddleware',
 'scrapy.downloadermiddlewares.useragent.UserAgentMiddleware',
 'javbus.middlewares.JavbusDownloaderMiddleware',
 'javbus.middlewares.JavbusProxyMiddleware',
 'javbus.middlewares.JavbusTimeOutMiddleware',
 'scrapy.downloadermiddlewares.retry.RetryMiddleware',
 'scrapy.downloadermiddlewares.redirect.MetaRefreshMiddleware',
 'scrapy.downloadermiddlewares.httpcompression.HttpCompressionMiddleware',
 'scrapy.downloadermiddlewares.redirect.RedirectMiddleware',
 'scrapy.downloadermiddlewares.cookies.CookiesMiddleware',
 'scrapy.downloadermiddlewares.httpproxy.HttpProxyMiddleware',
 'scrapy.downloadermiddlewares.stats.DownloaderStats']
2025-03-15 21:21:27 [scrapy.middleware] INFO: Enabled downloader middlewares:
['scrapy.downloadermiddlewares.offsite.OffsiteMiddleware',
 'scrapy.downloadermiddlewares.httpauth.HttpAuthMiddleware',
 'scrapy.downloadermiddlewares.downloadtimeout.DownloadTimeoutMiddleware',
 'scrapy.downloadermiddlewares.defaultheaders.DefaultHeadersMiddleware',
 'scrapy.downloadermiddlewares.useragent.UserAgentMiddleware',
 'javbus.middlewares.JavbusDownloaderMiddleware',
 'javbus.middlewares.JavbusProxyMiddleware',
 'javbus.middlewares.JavbusTimeOutMiddleware',
 'scrapy.downloadermiddlewares.retry.RetryMiddleware',
 'scrapy.downloadermiddlewares.redirect.MetaRefreshMiddleware',
 'scrapy.downloadermiddlewares.httpcompression.HttpCompressionMiddleware',
 'scrapy.downloadermiddlewares.redirect.RedirectMiddleware',
 'scrapy.downloadermiddlewares.cookies.CookiesMiddleware',
 'scrapy.downloadermiddlewares.httpproxy.HttpProxyMiddleware',
 'scrapy.downloadermiddlewares.stats.DownloaderStats']
2025-03-15 21:21:27 [scrapy.middleware] INFO: Enabled spider middlewares:
['scrapy.spidermiddlewares.httperror.HttpErrorMiddleware',
 'javbus.middlewares.JavbusSpiderMiddleware',
 'scrapy.spidermiddlewares.referer.RefererMiddleware',
 'scrapy.spidermiddlewares.urllength.UrlLengthMiddleware',
 'scrapy.spidermiddlewares.depth.DepthMiddleware']
2025-03-15 21:21:27 [scrapy.middleware] INFO: Enabled spider middlewares:
['scrapy.spidermiddlewares.httperror.HttpErrorMiddleware',
 'javbus.middlewares.JavbusSpiderMiddleware',
 'scrapy.spidermiddlewares.referer.RefererMiddleware',
 'scrapy.spidermiddlewares.urllength.UrlLengthMiddleware',
 'scrapy.spidermiddlewares.depth.DepthMiddleware']
2025-03-15 21:21:27 [scrapy.middleware] INFO: Enabled item pipelines:
['javbus.pipelines.JavbusPipeline']
2025-03-15 21:21:27 [scrapy.core.engine] INFO: Spider opened
2025-03-15 21:21:27 [scrapy.middleware] INFO: Enabled item pipelines:
['javbus.pipelines.JavbusPipeline']
2025-03-15 21:21:27 [scrapy.core.engine] INFO: Spider opened
2025-03-15 21:21:27 [scrapy.extensions.logstats] INFO: Crawled 0 pages (at 0 pages/min), scraped 0 items (at 0 items/min)
2025-03-15 21:21:27 [scrapy.extensions.logstats] INFO: Crawled 0 pages (at 0 pages/min), scraped 0 items (at 0 items/min)
2025-03-15 21:21:27 [actresses_list] INFO: logger opened: logs/actresses_list_2025-03-15.log
2025-03-15 21:21:27 [actresses_list] INFO: logger opened: logs/actresses_list_2025-03-15.log
2025-03-15 21:21:27 [scrapy.extensions.telnet] INFO: Telnet console listening on 127.0.0.1:6023
2025-03-15 21:21:27 [scrapy.extensions.telnet] INFO: Telnet console listening on 127.0.0.1:6024
2025-03-15 21:21:27 [actresses_list] INFO: Sending request: https://www.javbus.com/uncensored/actresses/1, with meta: {'page_num': 1, 'is_censored': False, 'download_timeout': 10.0}
2025-03-15 21:21:27 [actresses_list] INFO: Sending request: https://www.javbus.com/actresses/1, with meta: {'page_num': 1, 'is_censored': True, 'download_timeout': 10.0}
2025-03-15 21:21:28 [scrapy.downloadermiddlewares.redirect] DEBUG: Redirecting (301) to <GET https://www.javbus.com/actresses> from <GET https://www.javbus.com/actresses/1>
2025-03-15 21:21:28 [actresses_list] INFO: Sending request: https://www.javbus.com/actresses, with meta: {'page_num': 1, 'is_censored': True, 'download_timeout': 10.0, 'download_slot': 'www.javbus.com', 'download_latency': 0.2542755603790283, 'redirect_times': 1, 'redirect_ttl': 19, 'redirect_urls': ['https://www.javbus.com/actresses/1'], 'redirect_reasons': [301]}
2025-03-15 21:21:28 [scrapy.downloadermiddlewares.redirect] DEBUG: Redirecting (301) to <GET https://www.javbus.com/uncensored/actresses> from <GET https://www.javbus.com/uncensored/actresses/1>
2025-03-15 21:21:28 [actresses_list] INFO: Sending request: https://www.javbus.com/uncensored/actresses, with meta: {'page_num': 1, 'is_censored': False, 'download_timeout': 10.0, 'download_slot': 'www.javbus.com', 'download_latency': 0.2879486083984375, 'redirect_times': 1, 'redirect_ttl': 19, 'redirect_urls': ['https://www.javbus.com/uncensored/actresses/1'], 'redirect_reasons': [301]}
2025-03-15 21:21:33 [actresses_list] INFO: Received response: https://www.javbus.com/actresses with status: 200
2025-03-15 21:21:33 [scrapy.core.engine] DEBUG: Crawled (200) <GET https://www.javbus.com/actresses> (referer: None)
2025-03-15 21:21:34 [base.base_spider] INFO: page_num:1 is_censored:True
2025-03-15 21:21:34 [base.base_spider] INFO: Now parsing page 1
2025-03-15 21:21:34 [actresses_list] INFO: Received response: https://www.javbus.com/uncensored/actresses with status: 200
2025-03-15 21:21:34 [scrapy.core.engine] DEBUG: Crawled (200) <GET https://www.javbus.com/uncensored/actresses> (referer: None)
2025-03-15 21:21:34 [base.base_spider] INFO: page_num:1 is_censored:False
2025-03-15 21:21:34 [actresses_list] INFO: Sending request: https://www.javbus.com/actresses/2, with meta: {'page_num': 2, 'is_censored': True, 'depth': 1, 'download_timeout': 10.0}
2025-03-15 21:21:34 [base.base_spider] INFO: Now parsing page 1
2025-03-15 21:21:34 [actresses_list] INFO: Sending request: https://www.javbus.com/uncensored/actresses/2, with meta: {'page_num': 2, 'is_censored': False, 'depth': 1, 'download_timeout': 10.0}
2025-03-15 21:21:39 [actresses_list] INFO: Received response: https://www.javbus.com/uncensored/actresses/2 with status: 200
2025-03-15 21:21:39 [scrapy.core.engine] DEBUG: Crawled (200) <GET https://www.javbus.com/uncensored/actresses/2> (referer: https://www.javbus.com/uncensored/actresses)
2025-03-15 21:21:39 [base.base_spider] INFO: page_num:2 is_censored:False
2025-03-15 21:21:39 [base.base_spider] INFO: Now parsing page 2
2025-03-15 21:21:39 [actresses_list] INFO: Sending request: https://www.javbus.com/uncensored/actresses/3, with meta: {'page_num': 3, 'is_censored': False, 'depth': 2, 'download_timeout': 10.0}
2025-03-15 21:21:39 [actresses_list] INFO: Received response: https://www.javbus.com/actresses/2 with status: 200
2025-03-15 21:21:39 [scrapy.core.engine] DEBUG: Crawled (200) <GET https://www.javbus.com/actresses/2> (referer: https://www.javbus.com/actresses)
2025-03-15 21:21:39 [base.base_spider] INFO: page_num:2 is_censored:True
2025-03-15 21:21:39 [base.base_spider] INFO: Now parsing page 2
2025-03-15 21:21:40 [actresses_list] INFO: Sending request: https://www.javbus.com/actresses/3, with meta: {'page_num': 3, 'is_censored': True, 'depth': 2, 'download_timeout': 10.0}
2025-03-15 21:21:45 [actresses_list] INFO: Received response: https://www.javbus.com/actresses/3 with status: 200
2025-03-15 21:21:45 [scrapy.core.engine] DEBUG: Crawled (200) <GET https://www.javbus.com/actresses/3> (referer: https://www.javbus.com/actresses/2)
2025-03-15 21:21:45 [base.base_spider] INFO: page_num:3 is_censored:True
2025-03-15 21:21:45 [base.base_spider] INFO: Now parsing page 3
2025-03-15 21:21:45 [actresses_list] INFO: Sending request: https://www.javbus.com/actresses/4, with meta: {'page_num': 4, 'is_censored': True, 'depth': 3, 'download_timeout': 10.0}
2025-03-15 21:21:45 [actresses_list] INFO: Received response: https://www.javbus.com/uncensored/actresses/3 with status: 200
2025-03-15 21:21:45 [scrapy.core.engine] DEBUG: Crawled (200) <GET https://www.javbus.com/uncensored/actresses/3> (referer: https://www.javbus.com/uncensored/actresses/2)
2025-03-15 21:21:46 [base.base_spider] INFO: page_num:3 is_censored:False
2025-03-15 21:21:46 [base.base_spider] INFO: Now parsing page 3
2025-03-15 21:21:46 [actresses_list] INFO: Sending request: https://www.javbus.com/uncensored/actresses/4, with meta: {'page_num': 4, 'is_censored': False, 'depth': 3, 'download_timeout': 10.0}
2025-03-15 21:21:49 [actresses_list] INFO: Received response: https://www.javbus.com/uncensored/actresses/4 with status: 200
2025-03-15 21:21:49 [scrapy.core.engine] DEBUG: Crawled (200) <GET https://www.javbus.com/uncensored/actresses/4> (referer: https://www.javbus.com/uncensored/actresses/3)
2025-03-15 21:21:49 [base.base_spider] INFO: page_num:4 is_censored:False
2025-03-15 21:21:49 [actresses_list] INFO: Received response: https://www.javbus.com/actresses/4 with status: 200
2025-03-15 21:21:49 [scrapy.core.engine] DEBUG: Crawled (200) <GET https://www.javbus.com/actresses/4> (referer: https://www.javbus.com/actresses/3)
2025-03-15 21:21:49 [base.base_spider] INFO: Now parsing page 4
2025-03-15 21:21:49 [base.base_spider] INFO: page_num:4 is_censored:True
2025-03-15 21:21:49 [base.base_spider] INFO: Now parsing page 4
2025-03-15 21:21:49 [actresses_list] INFO: Sending request: https://www.javbus.com/uncensored/actresses/5, with meta: {'page_num': 5, 'is_censored': False, 'depth': 4, 'download_timeout': 10.0}
2025-03-15 21:21:49 [actresses_list] INFO: Sending request: https://www.javbus.com/actresses/5, with meta: {'page_num': 5, 'is_censored': True, 'depth': 4, 'download_timeout': 10.0}
2025-03-15 21:21:55 [actresses_list] INFO: Received response: https://www.javbus.com/uncensored/actresses/5 with status: 200
2025-03-15 21:21:55 [scrapy.core.engine] DEBUG: Crawled (200) <GET https://www.javbus.com/uncensored/actresses/5> (referer: https://www.javbus.com/uncensored/actresses/4)
2025-03-15 21:21:55 [base.base_spider] INFO: page_num:5 is_censored:False
2025-03-15 21:21:55 [base.base_spider] INFO: Now parsing page 5
2025-03-15 21:21:55 [actresses_list] INFO: Sending request: https://www.javbus.com/uncensored/actresses/6, with meta: {'page_num': 6, 'is_censored': False, 'depth': 5, 'download_timeout': 10.0}
2025-03-15 21:21:55 [actresses_list] INFO: Received response: https://www.javbus.com/actresses/5 with status: 200
2025-03-15 21:21:55 [scrapy.core.engine] DEBUG: Crawled (200) <GET https://www.javbus.com/actresses/5> (referer: https://www.javbus.com/actresses/4)
2025-03-15 21:21:55 [base.base_spider] INFO: page_num:5 is_censored:True
2025-03-15 21:21:55 [base.base_spider] INFO: Now parsing page 5
2025-03-15 21:21:56 [actresses_list] INFO: Sending request: https://www.javbus.com/actresses/6, with meta: {'page_num': 6, 'is_censored': True, 'depth': 5, 'download_timeout': 10.0}
2025-03-15 21:22:00 [actresses_list] INFO: Received response: https://www.javbus.com/actresses/6 with status: 200
2025-03-15 21:22:00 [scrapy.core.engine] DEBUG: Crawled (200) <GET https://www.javbus.com/actresses/6> (referer: https://www.javbus.com/actresses/5)
2025-03-15 21:22:00 [base.base_spider] INFO: page_num:6 is_censored:True
2025-03-15 21:22:00 [base.base_spider] INFO: Now parsing page 6
2025-03-15 21:22:00 [actresses_list] INFO: Sending request: https://www.javbus.com/actresses/7, with meta: {'page_num': 7, 'is_censored': True, 'depth': 6, 'download_timeout': 10.0}
2025-03-15 21:22:00 [actresses_list] INFO: Received response: https://www.javbus.com/uncensored/actresses/6 with status: 200
2025-03-15 21:22:00 [scrapy.core.engine] DEBUG: Crawled (200) <GET https://www.javbus.com/uncensored/actresses/6> (referer: https://www.javbus.com/uncensored/actresses/5)
2025-03-15 21:22:01 [base.base_spider] INFO: page_num:6 is_censored:False
2025-03-15 21:22:01 [base.base_spider] INFO: Now parsing page 6
2025-03-15 21:22:01 [actresses_list] INFO: Sending request: https://www.javbus.com/uncensored/actresses/7, with meta: {'page_num': 7, 'is_censored': False, 'depth': 6, 'download_timeout': 10.0}
2025-03-15 21:22:07 [actresses_list] INFO: Received response: https://www.javbus.com/actresses/7 with status: 200
2025-03-15 21:22:07 [scrapy.core.engine] DEBUG: Crawled (200) <GET https://www.javbus.com/actresses/7> (referer: https://www.javbus.com/actresses/6)
2025-03-15 21:22:07 [base.base_spider] INFO: page_num:7 is_censored:True
2025-03-15 21:22:07 [base.base_spider] INFO: Now parsing page 7
2025-03-15 21:22:07 [actresses_list] INFO: Received response: https://www.javbus.com/uncensored/actresses/7 with status: 200
2025-03-15 21:22:07 [scrapy.core.engine] DEBUG: Crawled (200) <GET https://www.javbus.com/uncensored/actresses/7> (referer: https://www.javbus.com/uncensored/actresses/6)
2025-03-15 21:22:07 [actresses_list] INFO: Sending request: https://www.javbus.com/actresses/8, with meta: {'page_num': 8, 'is_censored': True, 'depth': 7, 'download_timeout': 10.0}
2025-03-15 21:22:07 [base.base_spider] INFO: page_num:7 is_censored:False
2025-03-15 21:22:07 [base.base_spider] INFO: Now parsing page 7
2025-03-15 21:22:07 [actresses_list] INFO: Sending request: https://www.javbus.com/uncensored/actresses/8, with meta: {'page_num': 8, 'is_censored': False, 'depth': 7, 'download_timeout': 10.0}
2025-03-15 21:22:13 [actresses_list] INFO: Received response: https://www.javbus.com/uncensored/actresses/8 with status: 200
2025-03-15 21:22:13 [scrapy.core.engine] DEBUG: Crawled (200) <GET https://www.javbus.com/uncensored/actresses/8> (referer: https://www.javbus.com/uncensored/actresses/7)
2025-03-15 21:22:13 [actresses_list] INFO: Received response: https://www.javbus.com/actresses/8 with status: 200
2025-03-15 21:22:13 [scrapy.core.engine] DEBUG: Crawled (200) <GET https://www.javbus.com/actresses/8> (referer: https://www.javbus.com/actresses/7)
2025-03-15 21:22:13 [base.base_spider] INFO: page_num:8 is_censored:False
2025-03-15 21:22:13 [base.base_spider] INFO: page_num:8 is_censored:True
2025-03-15 21:22:13 [base.base_spider] INFO: Now parsing page 8
2025-03-15 21:22:13 [base.base_spider] INFO: Now parsing page 8
2025-03-15 21:22:13 [actresses_list] INFO: Sending request: https://www.javbus.com/uncensored/actresses/9, with meta: {'page_num': 9, 'is_censored': False, 'depth': 8, 'download_timeout': 10.0}
2025-03-15 21:22:13 [actresses_list] INFO: Sending request: https://www.javbus.com/actresses/9, with meta: {'page_num': 9, 'is_censored': True, 'depth': 8, 'download_timeout': 10.0}
2025-03-15 21:22:16 [actresses_list] INFO: Received response: https://www.javbus.com/actresses/9 with status: 200
2025-03-15 21:22:16 [scrapy.core.engine] DEBUG: Crawled (200) <GET https://www.javbus.com/actresses/9> (referer: https://www.javbus.com/actresses/8)
2025-03-15 21:22:16 [base.base_spider] INFO: page_num:9 is_censored:True
2025-03-15 21:22:16 [base.base_spider] INFO: Now parsing page 9
2025-03-15 21:22:17 [actresses_list] INFO: Sending request: https://www.javbus.com/actresses/10, with meta: {'page_num': 10, 'is_censored': True, 'depth': 9, 'download_timeout': 10.0}
2025-03-15 21:22:19 [actresses_list] INFO: Received response: https://www.javbus.com/uncensored/actresses/9 with status: 200
2025-03-15 21:22:19 [scrapy.core.engine] DEBUG: Crawled (200) <GET https://www.javbus.com/uncensored/actresses/9> (referer: https://www.javbus.com/uncensored/actresses/8)
2025-03-15 21:22:19 [base.base_spider] INFO: page_num:9 is_censored:False
2025-03-15 21:22:19 [base.base_spider] INFO: Now parsing page 9
2025-03-15 21:22:20 [actresses_list] INFO: Sending request: https://www.javbus.com/uncensored/actresses/10, with meta: {'page_num': 10, 'is_censored': False, 'depth': 9, 'download_timeout': 10.0}
2025-03-15 21:22:22 [actresses_list] INFO: Received response: https://www.javbus.com/actresses/10 with status: 200
2025-03-15 21:22:22 [scrapy.core.engine] DEBUG: Crawled (200) <GET https://www.javbus.com/actresses/10> (referer: https://www.javbus.com/actresses/9)
2025-03-15 21:22:22 [base.base_spider] INFO: page_num:10 is_censored:True
2025-03-15 21:22:22 [base.base_spider] INFO: Now parsing page 10
2025-03-15 21:22:22 [actresses_list] INFO: Sending request: https://www.javbus.com/actresses/11, with meta: {'page_num': 11, 'is_censored': True, 'depth': 10, 'download_timeout': 10.0}
2025-03-15 21:22:24 [actresses_list] INFO: Received response: https://www.javbus.com/uncensored/actresses/10 with status: 200
2025-03-15 21:22:24 [scrapy.core.engine] DEBUG: Crawled (200) <GET https://www.javbus.com/uncensored/actresses/10> (referer: https://www.javbus.com/uncensored/actresses/9)
2025-03-15 21:22:24 [base.base_spider] INFO: page_num:10 is_censored:False
2025-03-15 21:22:25 [base.base_spider] INFO: Now parsing page 10
2025-03-15 21:22:25 [actresses_list] INFO: Sending request: https://www.javbus.com/uncensored/actresses/11, with meta: {'page_num': 11, 'is_censored': False, 'depth': 10, 'download_timeout': 10.0}
2025-03-15 21:22:27 [actresses_list] INFO: Received response: https://www.javbus.com/actresses/11 with status: 200
2025-03-15 21:22:27 [scrapy.core.engine] DEBUG: Crawled (200) <GET https://www.javbus.com/actresses/11> (referer: https://www.javbus.com/actresses/10)
2025-03-15 21:22:27 [base.base_spider] INFO: page_num:11 is_censored:True
2025-03-15 21:22:27 [base.base_spider] INFO: Now parsing page 11
2025-03-15 21:22:27 [scrapy.extensions.logstats] INFO: Crawled 10 pages (at 10 pages/min), scraped 0 items (at 0 items/min)
2025-03-15 21:22:27 [scrapy.extensions.logstats] INFO: Crawled 11 pages (at 11 pages/min), scraped 0 items (at 0 items/min)
2025-03-15 21:22:27 [actresses_list] INFO: Sending request: https://www.javbus.com/actresses/12, with meta: {'page_num': 12, 'is_censored': True, 'depth': 11, 'download_timeout': 10.0}
2025-03-15 21:22:29 [actresses_list] INFO: Received response: https://www.javbus.com/uncensored/actresses/11 with status: 200
2025-03-15 21:22:29 [scrapy.core.engine] DEBUG: Crawled (200) <GET https://www.javbus.com/uncensored/actresses/11> (referer: https://www.javbus.com/uncensored/actresses/10)
2025-03-15 21:22:29 [base.base_spider] INFO: page_num:11 is_censored:False
2025-03-15 21:22:29 [base.base_spider] INFO: Now parsing page 11
2025-03-15 21:22:29 [actresses_list] INFO: Sending request: https://www.javbus.com/uncensored/actresses/12, with meta: {'page_num': 12, 'is_censored': False, 'depth': 11, 'download_timeout': 10.0}
2025-03-15 21:22:31 [actresses_list] INFO: Received response: https://www.javbus.com/actresses/12 with status: 200
2025-03-15 21:22:31 [scrapy.core.engine] DEBUG: Crawled (200) <GET https://www.javbus.com/actresses/12> (referer: https://www.javbus.com/actresses/11)
2025-03-15 21:22:31 [base.base_spider] INFO: page_num:12 is_censored:True
2025-03-15 21:22:31 [base.base_spider] INFO: Now parsing page 12
2025-03-15 21:22:31 [actresses_list] INFO: Sending request: https://www.javbus.com/actresses/13, with meta: {'page_num': 13, 'is_censored': True, 'depth': 12, 'download_timeout': 10.0}
2025-03-15 21:22:32 [actresses_list] INFO: Received response: https://www.javbus.com/uncensored/actresses/12 with status: 200
2025-03-15 21:22:32 [scrapy.core.engine] DEBUG: Crawled (200) <GET https://www.javbus.com/uncensored/actresses/12> (referer: https://www.javbus.com/uncensored/actresses/11)
2025-03-15 21:22:32 [base.base_spider] INFO: page_num:12 is_censored:False
2025-03-15 21:22:32 [base.base_spider] INFO: Now parsing page 12
2025-03-15 21:22:32 [actresses_list] INFO: Sending request: https://www.javbus.com/uncensored/actresses/13, with meta: {'page_num': 13, 'is_censored': False, 'depth': 12, 'download_timeout': 10.0}
2025-03-15 21:22:37 [actresses_list] INFO: Received response: https://www.javbus.com/actresses/13 with status: 200
2025-03-15 21:22:37 [scrapy.core.engine] DEBUG: Crawled (200) <GET https://www.javbus.com/actresses/13> (referer: https://www.javbus.com/actresses/12)
2025-03-15 21:22:37 [base.base_spider] INFO: page_num:13 is_censored:True
2025-03-15 21:22:37 [base.base_spider] INFO: Now parsing page 13
2025-03-15 21:22:37 [actresses_list] INFO: Sending request: https://www.javbus.com/actresses/14, with meta: {'page_num': 14, 'is_censored': True, 'depth': 13, 'download_timeout': 10.0}
2025-03-15 21:22:38 [actresses_list] INFO: Received response: https://www.javbus.com/uncensored/actresses/13 with status: 200
2025-03-15 21:22:38 [scrapy.core.engine] DEBUG: Crawled (200) <GET https://www.javbus.com/uncensored/actresses/13> (referer: https://www.javbus.com/uncensored/actresses/12)
2025-03-15 21:22:38 [base.base_spider] INFO: page_num:13 is_censored:False
2025-03-15 21:22:38 [base.base_spider] INFO: Now parsing page 13
2025-03-15 21:22:38 [actresses_list] INFO: Sending request: https://www.javbus.com/uncensored/actresses/14, with meta: {'page_num': 14, 'is_censored': False, 'depth': 13, 'download_timeout': 10.0}
2025-03-15 21:22:41 [actresses_list] INFO: Received response: https://www.javbus.com/actresses/14 with status: 200
2025-03-15 21:22:41 [scrapy.core.engine] DEBUG: Crawled (200) <GET https://www.javbus.com/actresses/14> (referer: https://www.javbus.com/actresses/13)
2025-03-15 21:22:41 [base.base_spider] INFO: page_num:14 is_censored:True
2025-03-15 21:22:41 [base.base_spider] INFO: Now parsing page 14
2025-03-15 21:22:41 [actresses_list] INFO: Sending request: https://www.javbus.com/actresses/15, with meta: {'page_num': 15, 'is_censored': True, 'depth': 14, 'download_timeout': 10.0}
2025-03-15 21:22:42 [actresses_list] INFO: Received response: https://www.javbus.com/uncensored/actresses/14 with status: 200
2025-03-15 21:22:42 [scrapy.core.engine] DEBUG: Crawled (200) <GET https://www.javbus.com/uncensored/actresses/14> (referer: https://www.javbus.com/uncensored/actresses/13)
2025-03-15 21:22:42 [base.base_spider] INFO: page_num:14 is_censored:False
2025-03-15 21:22:42 [base.base_spider] INFO: Now parsing page 14
2025-03-15 21:22:42 [actresses_list] INFO: Sending request: https://www.javbus.com/uncensored/actresses/15, with meta: {'page_num': 15, 'is_censored': False, 'depth': 14, 'download_timeout': 10.0}
2025-03-15 21:22:45 [actresses_list] INFO: Received response: https://www.javbus.com/actresses/15 with status: 200
2025-03-15 21:22:45 [scrapy.core.engine] DEBUG: Crawled (200) <GET https://www.javbus.com/actresses/15> (referer: https://www.javbus.com/actresses/14)
2025-03-15 21:22:45 [base.base_spider] INFO: page_num:15 is_censored:True
2025-03-15 21:22:45 [base.base_spider] INFO: Now parsing page 15
2025-03-15 21:22:45 [actresses_list] INFO: Sending request: https://www.javbus.com/actresses/16, with meta: {'page_num': 16, 'is_censored': True, 'depth': 15, 'download_timeout': 10.0}
2025-03-15 21:22:47 [actresses_list] INFO: Received response: https://www.javbus.com/uncensored/actresses/15 with status: 200
2025-03-15 21:22:47 [scrapy.core.engine] DEBUG: Crawled (200) <GET https://www.javbus.com/uncensored/actresses/15> (referer: https://www.javbus.com/uncensored/actresses/14)
2025-03-15 21:22:47 [base.base_spider] INFO: page_num:15 is_censored:False
2025-03-15 21:22:47 [base.base_spider] INFO: Now parsing page 15
2025-03-15 21:22:47 [actresses_list] INFO: Sending request: https://www.javbus.com/uncensored/actresses/16, with meta: {'page_num': 16, 'is_censored': False, 'depth': 15, 'download_timeout': 10.0}
2025-03-15 21:22:49 [actresses_list] INFO: Received response: https://www.javbus.com/actresses/16 with status: 200
2025-03-15 21:22:49 [scrapy.core.engine] DEBUG: Crawled (200) <GET https://www.javbus.com/actresses/16> (referer: https://www.javbus.com/actresses/15)
2025-03-15 21:22:49 [base.base_spider] INFO: page_num:16 is_censored:True
2025-03-15 21:22:49 [base.base_spider] INFO: Now parsing page 16
2025-03-15 21:22:50 [actresses_list] INFO: Sending request: https://www.javbus.com/actresses/17, with meta: {'page_num': 17, 'is_censored': True, 'depth': 16, 'download_timeout': 10.0}
2025-03-15 21:22:52 [actresses_list] INFO: Received response: https://www.javbus.com/uncensored/actresses/16 with status: 200
2025-03-15 21:22:52 [scrapy.core.engine] DEBUG: Crawled (200) <GET https://www.javbus.com/uncensored/actresses/16> (referer: https://www.javbus.com/uncensored/actresses/15)
2025-03-15 21:22:52 [base.base_spider] INFO: page_num:16 is_censored:False
2025-03-15 21:22:52 [base.base_spider] INFO: Now parsing page 16
2025-03-15 21:22:52 [actresses_list] INFO: Sending request: https://www.javbus.com/uncensored/actresses/17, with meta: {'page_num': 17, 'is_censored': False, 'depth': 16, 'download_timeout': 10.0}
2025-03-15 21:22:54 [actresses_list] INFO: Received response: https://www.javbus.com/actresses/17 with status: 200
2025-03-15 21:22:54 [scrapy.core.engine] DEBUG: Crawled (200) <GET https://www.javbus.com/actresses/17> (referer: https://www.javbus.com/actresses/16)
2025-03-15 21:22:54 [base.base_spider] INFO: page_num:17 is_censored:True
2025-03-15 21:22:54 [base.base_spider] INFO: Now parsing page 17
2025-03-15 21:22:55 [actresses_list] INFO: Sending request: https://www.javbus.com/actresses/18, with meta: {'page_num': 18, 'is_censored': True, 'depth': 17, 'download_timeout': 10.0}
2025-03-15 21:22:59 [actresses_list] INFO: Received response: https://www.javbus.com/uncensored/actresses/17 with status: 200
2025-03-15 21:22:59 [scrapy.core.engine] DEBUG: Crawled (200) <GET https://www.javbus.com/uncensored/actresses/17> (referer: https://www.javbus.com/uncensored/actresses/16)
2025-03-15 21:22:59 [base.base_spider] INFO: page_num:17 is_censored:False
2025-03-15 21:22:59 [base.base_spider] INFO: Now parsing page 17
2025-03-15 21:22:59 [actresses_list] INFO: Sending request: https://www.javbus.com/uncensored/actresses/18, with meta: {'page_num': 18, 'is_censored': False, 'depth': 17, 'download_timeout': 10.0}
2025-03-15 21:23:00 [actresses_list] INFO: Received response: https://www.javbus.com/actresses/18 with status: 200
2025-03-15 21:23:00 [scrapy.core.engine] DEBUG: Crawled (200) <GET https://www.javbus.com/actresses/18> (referer: https://www.javbus.com/actresses/17)
2025-03-15 21:23:00 [base.base_spider] INFO: page_num:18 is_censored:True
2025-03-15 21:23:00 [base.base_spider] INFO: Now parsing page 18
2025-03-15 21:23:01 [actresses_list] INFO: Sending request: https://www.javbus.com/actresses/19, with meta: {'page_num': 19, 'is_censored': True, 'depth': 18, 'download_timeout': 10.0}
2025-03-15 21:23:03 [actresses_list] INFO: Received response: https://www.javbus.com/uncensored/actresses/18 with status: 200
2025-03-15 21:23:03 [scrapy.core.engine] DEBUG: Crawled (200) <GET https://www.javbus.com/uncensored/actresses/18> (referer: https://www.javbus.com/uncensored/actresses/17)
2025-03-15 21:23:03 [base.base_spider] INFO: page_num:18 is_censored:False
2025-03-15 21:23:03 [base.base_spider] INFO: Now parsing page 18
2025-03-15 21:23:03 [actresses_list] INFO: Sending request: https://www.javbus.com/uncensored/actresses/19, with meta: {'page_num': 19, 'is_censored': False, 'depth': 18, 'download_timeout': 10.0}
2025-03-15 21:23:05 [actresses_list] INFO: Received response: https://www.javbus.com/actresses/19 with status: 200
2025-03-15 21:23:05 [scrapy.core.engine] DEBUG: Crawled (200) <GET https://www.javbus.com/actresses/19> (referer: https://www.javbus.com/actresses/18)
2025-03-15 21:23:05 [base.base_spider] INFO: page_num:19 is_censored:True
2025-03-15 21:23:05 [base.base_spider] INFO: Now parsing page 19
2025-03-15 21:23:06 [actresses_list] INFO: Sending request: https://www.javbus.com/actresses/20, with meta: {'page_num': 20, 'is_censored': True, 'depth': 19, 'download_timeout': 10.0}
2025-03-15 21:23:08 [actresses_list] INFO: Received response: https://www.javbus.com/uncensored/actresses/19 with status: 200
2025-03-15 21:23:08 [scrapy.core.engine] DEBUG: Crawled (200) <GET https://www.javbus.com/uncensored/actresses/19> (referer: https://www.javbus.com/uncensored/actresses/18)
2025-03-15 21:23:08 [base.base_spider] INFO: page_num:19 is_censored:False
2025-03-15 21:23:08 [base.base_spider] INFO: Now parsing page 19
2025-03-15 21:23:08 [actresses_list] INFO: Sending request: https://www.javbus.com/uncensored/actresses/20, with meta: {'page_num': 20, 'is_censored': False, 'depth': 19, 'download_timeout': 10.0}
2025-03-15 21:23:11 [actresses_list] INFO: Received response: https://www.javbus.com/actresses/20 with status: 200
2025-03-15 21:23:11 [scrapy.core.engine] DEBUG: Crawled (200) <GET https://www.javbus.com/actresses/20> (referer: https://www.javbus.com/actresses/19)
2025-03-15 21:23:11 [base.base_spider] INFO: page_num:20 is_censored:True
2025-03-15 21:23:11 [base.base_spider] INFO: Now parsing page 20
2025-03-15 21:23:11 [actresses_list] INFO: Sending request: https://www.javbus.com/actresses/21, with meta: {'page_num': 21, 'is_censored': True, 'depth': 20, 'download_timeout': 10.0}
2025-03-15 21:23:14 [actresses_list] INFO: Received response: https://www.javbus.com/uncensored/actresses/20 with status: 200
2025-03-15 21:23:14 [scrapy.core.engine] DEBUG: Crawled (200) <GET https://www.javbus.com/uncensored/actresses/20> (referer: https://www.javbus.com/uncensored/actresses/19)
2025-03-15 21:23:14 [base.base_spider] INFO: page_num:20 is_censored:False
2025-03-15 21:23:14 [base.base_spider] INFO: Now parsing page 20
2025-03-15 21:23:15 [actresses_list] INFO: Sending request: https://www.javbus.com/uncensored/actresses/21, with meta: {'page_num': 21, 'is_censored': False, 'depth': 20, 'download_timeout': 10.0}
2025-03-15 21:23:16 [actresses_list] INFO: Received response: https://www.javbus.com/actresses/21 with status: 200
2025-03-15 21:23:16 [scrapy.core.engine] DEBUG: Crawled (200) <GET https://www.javbus.com/actresses/21> (referer: https://www.javbus.com/actresses/20)
2025-03-15 21:23:16 [base.base_spider] INFO: page_num:21 is_censored:True
2025-03-15 21:23:16 [base.base_spider] INFO: Now parsing page 21
2025-03-15 21:23:16 [actresses_list] INFO: Sending request: https://www.javbus.com/actresses/22, with meta: {'page_num': 22, 'is_censored': True, 'depth': 21, 'download_timeout': 10.0}
2025-03-15 21:23:18 [actresses_list] INFO: Received response: https://www.javbus.com/uncensored/actresses/21 with status: 200
2025-03-15 21:23:18 [scrapy.core.engine] DEBUG: Crawled (200) <GET https://www.javbus.com/uncensored/actresses/21> (referer: https://www.javbus.com/uncensored/actresses/20)
2025-03-15 21:23:18 [base.base_spider] INFO: page_num:21 is_censored:False
2025-03-15 21:23:18 [base.base_spider] INFO: Now parsing page 21
2025-03-15 21:23:18 [actresses_list] INFO: Sending request: https://www.javbus.com/uncensored/actresses/22, with meta: {'page_num': 22, 'is_censored': False, 'depth': 21, 'download_timeout': 10.0}
2025-03-15 21:23:22 [actresses_list] INFO: Received response: https://www.javbus.com/actresses/22 with status: 200
2025-03-15 21:23:22 [scrapy.core.engine] DEBUG: Crawled (200) <GET https://www.javbus.com/actresses/22> (referer: https://www.javbus.com/actresses/21)
2025-03-15 21:23:22 [base.base_spider] INFO: page_num:22 is_censored:True
2025-03-15 21:23:22 [base.base_spider] INFO: Now parsing page 22
2025-03-15 21:23:22 [actresses_list] INFO: Sending request: https://www.javbus.com/actresses/23, with meta: {'page_num': 23, 'is_censored': True, 'depth': 22, 'download_timeout': 10.0}
2025-03-15 21:23:22 [actresses_list] INFO: Received response: https://www.javbus.com/uncensored/actresses/22 with status: 200
2025-03-15 21:23:22 [scrapy.core.engine] DEBUG: Crawled (200) <GET https://www.javbus.com/uncensored/actresses/22> (referer: https://www.javbus.com/uncensored/actresses/21)
2025-03-15 21:23:22 [base.base_spider] INFO: page_num:22 is_censored:False
2025-03-15 21:23:22 [base.base_spider] INFO: Now parsing page 22
2025-03-15 21:23:23 [actresses_list] INFO: Sending request: https://www.javbus.com/uncensored/actresses/23, with meta: {'page_num': 23, 'is_censored': False, 'depth': 22, 'download_timeout': 10.0}
2025-03-15 21:23:27 [scrapy.extensions.logstats] INFO: Crawled 22 pages (at 12 pages/min), scraped 0 items (at 0 items/min)
2025-03-15 21:23:27 [scrapy.extensions.logstats] INFO: Crawled 22 pages (at 11 pages/min), scraped 0 items (at 0 items/min)
2025-03-15 21:23:28 [actresses_list] INFO: Received response: https://www.javbus.com/actresses/23 with status: 200
2025-03-15 21:23:28 [scrapy.core.engine] DEBUG: Crawled (200) <GET https://www.javbus.com/actresses/23> (referer: https://www.javbus.com/actresses/22)
2025-03-15 21:23:28 [base.base_spider] INFO: page_num:23 is_censored:True
2025-03-15 21:23:28 [base.base_spider] INFO: Now parsing page 23
2025-03-15 21:23:28 [actresses_list] INFO: Sending request: https://www.javbus.com/actresses/24, with meta: {'page_num': 24, 'is_censored': True, 'depth': 23, 'download_timeout': 10.0}
2025-03-15 21:23:29 [actresses_list] INFO: Received response: https://www.javbus.com/uncensored/actresses/23 with status: 200
2025-03-15 21:23:29 [scrapy.core.engine] DEBUG: Crawled (200) <GET https://www.javbus.com/uncensored/actresses/23> (referer: https://www.javbus.com/uncensored/actresses/22)
2025-03-15 21:23:29 [base.base_spider] INFO: page_num:23 is_censored:False
2025-03-15 21:23:29 [base.base_spider] INFO: Now parsing page 23
2025-03-15 21:23:29 [actresses_list] INFO: Sending request: https://www.javbus.com/uncensored/actresses/24, with meta: {'page_num': 24, 'is_censored': False, 'depth': 23, 'download_timeout': 10.0}
2025-03-15 21:23:33 [actresses_list] INFO: Received response: https://www.javbus.com/actresses/24 with status: 200
2025-03-15 21:23:33 [scrapy.core.engine] DEBUG: Crawled (200) <GET https://www.javbus.com/actresses/24> (referer: https://www.javbus.com/actresses/23)
2025-03-15 21:23:33 [base.base_spider] INFO: page_num:24 is_censored:True
2025-03-15 21:23:33 [base.base_spider] INFO: Now parsing page 24
2025-03-15 21:23:34 [actresses_list] INFO: Sending request: https://www.javbus.com/actresses/25, with meta: {'page_num': 25, 'is_censored': True, 'depth': 24, 'download_timeout': 10.0}
2025-03-15 21:23:34 [actresses_list] INFO: Received response: https://www.javbus.com/uncensored/actresses/24 with status: 200
2025-03-15 21:23:34 [scrapy.core.engine] DEBUG: Crawled (200) <GET https://www.javbus.com/uncensored/actresses/24> (referer: https://www.javbus.com/uncensored/actresses/23)
2025-03-15 21:23:34 [base.base_spider] INFO: page_num:24 is_censored:False
2025-03-15 21:23:34 [base.base_spider] INFO: Now parsing page 24
2025-03-15 21:23:34 [actresses_list] INFO: Sending request: https://www.javbus.com/uncensored/actresses/25, with meta: {'page_num': 25, 'is_censored': False, 'depth': 24, 'download_timeout': 10.0}
2025-03-15 21:23:39 [actresses_list] INFO: Received response: https://www.javbus.com/actresses/25 with status: 200
2025-03-15 21:23:39 [scrapy.core.engine] DEBUG: Crawled (200) <GET https://www.javbus.com/actresses/25> (referer: https://www.javbus.com/actresses/24)
2025-03-15 21:23:39 [base.base_spider] INFO: page_num:25 is_censored:True
2025-03-15 21:23:39 [base.base_spider] INFO: Now parsing page 25
2025-03-15 21:23:39 [actresses_list] INFO: Sending request: https://www.javbus.com/actresses/26, with meta: {'page_num': 26, 'is_censored': True, 'depth': 25, 'download_timeout': 10.0}
2025-03-15 21:23:40 [actresses_list] INFO: Received response: https://www.javbus.com/uncensored/actresses/25 with status: 200
2025-03-15 21:23:40 [scrapy.core.engine] DEBUG: Crawled (200) <GET https://www.javbus.com/uncensored/actresses/25> (referer: https://www.javbus.com/uncensored/actresses/24)
2025-03-15 21:23:40 [base.base_spider] INFO: page_num:25 is_censored:False
2025-03-15 21:23:40 [base.base_spider] INFO: Now parsing page 25
2025-03-15 21:23:40 [actresses_list] INFO: Sending request: https://www.javbus.com/uncensored/actresses/26, with meta: {'page_num': 26, 'is_censored': False, 'depth': 25, 'download_timeout': 10.0}
2025-03-15 21:23:45 [actresses_list] INFO: Received response: https://www.javbus.com/actresses/26 with status: 200
2025-03-15 21:23:45 [scrapy.core.engine] DEBUG: Crawled (200) <GET https://www.javbus.com/actresses/26> (referer: https://www.javbus.com/actresses/25)
2025-03-15 21:23:45 [base.base_spider] INFO: page_num:26 is_censored:True
2025-03-15 21:23:45 [base.base_spider] INFO: Now parsing page 26
2025-03-15 21:23:45 [actresses_list] INFO: Sending request: https://www.javbus.com/actresses/27, with meta: {'page_num': 27, 'is_censored': True, 'depth': 26, 'download_timeout': 10.0}
2025-03-15 21:23:46 [actresses_list] INFO: Received response: https://www.javbus.com/uncensored/actresses/26 with status: 200
2025-03-15 21:23:46 [scrapy.core.engine] DEBUG: Crawled (200) <GET https://www.javbus.com/uncensored/actresses/26> (referer: https://www.javbus.com/uncensored/actresses/25)
2025-03-15 21:23:46 [base.base_spider] INFO: page_num:26 is_censored:False
2025-03-15 21:23:46 [base.base_spider] INFO: Now parsing page 26
2025-03-15 21:23:46 [actresses_list] INFO: Sending request: https://www.javbus.com/uncensored/actresses/27, with meta: {'page_num': 27, 'is_censored': False, 'depth': 26, 'download_timeout': 10.0}
2025-03-15 21:23:51 [actresses_list] INFO: Received response: https://www.javbus.com/uncensored/actresses/27 with status: 200
2025-03-15 21:23:51 [scrapy.core.engine] DEBUG: Crawled (200) <GET https://www.javbus.com/uncensored/actresses/27> (referer: https://www.javbus.com/uncensored/actresses/26)
2025-03-15 21:23:51 [base.base_spider] INFO: page_num:27 is_censored:False
2025-03-15 21:23:51 [base.base_spider] INFO: Now parsing page 27
2025-03-15 21:23:51 [actresses_list] INFO: Received response: https://www.javbus.com/actresses/27 with status: 200
2025-03-15 21:23:51 [scrapy.core.engine] DEBUG: Crawled (200) <GET https://www.javbus.com/actresses/27> (referer: https://www.javbus.com/actresses/26)
2025-03-15 21:23:51 [actresses_list] INFO: Sending request: https://www.javbus.com/uncensored/actresses/28, with meta: {'page_num': 28, 'is_censored': False, 'depth': 27, 'download_timeout': 10.0}
2025-03-15 21:23:51 [base.base_spider] INFO: page_num:27 is_censored:True
2025-03-15 21:23:51 [base.base_spider] INFO: Now parsing page 27
2025-03-15 21:23:52 [actresses_list] INFO: Sending request: https://www.javbus.com/actresses/28, with meta: {'page_num': 28, 'is_censored': True, 'depth': 27, 'download_timeout': 10.0}
2025-03-15 21:23:57 [actresses_list] INFO: Received response: https://www.javbus.com/actresses/28 with status: 200
2025-03-15 21:23:57 [scrapy.core.engine] DEBUG: Crawled (200) <GET https://www.javbus.com/actresses/28> (referer: https://www.javbus.com/actresses/27)
2025-03-15 21:23:57 [base.base_spider] INFO: page_num:28 is_censored:True
2025-03-15 21:23:57 [base.base_spider] INFO: Now parsing page 28
2025-03-15 21:23:57 [actresses_list] INFO: Sending request: https://www.javbus.com/actresses/29, with meta: {'page_num': 29, 'is_censored': True, 'depth': 28, 'download_timeout': 10.0}
2025-03-15 21:23:57 [actresses_list] INFO: Received response: https://www.javbus.com/uncensored/actresses/28 with status: 200
2025-03-15 21:23:57 [scrapy.core.engine] DEBUG: Crawled (200) <GET https://www.javbus.com/uncensored/actresses/28> (referer: https://www.javbus.com/uncensored/actresses/27)
2025-03-15 21:23:57 [base.base_spider] INFO: page_num:28 is_censored:False
2025-03-15 21:23:58 [base.base_spider] INFO: Now parsing page 28
2025-03-15 21:23:58 [actresses_list] INFO: Sending request: https://www.javbus.com/uncensored/actresses/29, with meta: {'page_num': 29, 'is_censored': False, 'depth': 28, 'download_timeout': 10.0}
2025-03-15 21:24:01 [actresses_list] INFO: Received response: https://www.javbus.com/uncensored/actresses/29 with status: 200
2025-03-15 21:24:01 [scrapy.core.engine] DEBUG: Crawled (200) <GET https://www.javbus.com/uncensored/actresses/29> (referer: https://www.javbus.com/uncensored/actresses/28)
2025-03-15 21:24:01 [scrapy.crawler] INFO: Received SIGTERM, shutting down gracefully. Send again to force 
2025-03-15 21:24:01 [scrapy.crawler] INFO: Received SIGTERM, shutting down gracefully. Send again to force 
2025-03-15 21:24:01 [scrapy.core.engine] INFO: Closing spider (shutdown)
2025-03-15 21:24:01 [scrapy.core.engine] INFO: Closing spider (shutdown)
2025-03-15 21:24:01 [base.base_spider] INFO: page_num:29 is_censored:False
2025-03-15 21:24:01 [base.base_spider] INFO: Now parsing page 29
2025-03-15 21:24:02 [scrapy.statscollectors] INFO: Dumping Scrapy stats:
{'downloader/request_bytes': 25963,
 'downloader/request_count': 30,
 'downloader/request_method_count/GET': 30,
 'downloader/response_bytes': 357085,
 'downloader/response_count': 30,
 'downloader/response_status_count/200': 29,
 'downloader/response_status_count/301': 1,
 'elapsed_time_seconds': 155.081733,
 'finish_reason': 'shutdown',
 'finish_time': datetime.datetime(2025, 3, 15, 13, 24, 2, 903226, tzinfo=datetime.timezone.utc),
 'httpcompression/response_bytes': 1564038,
 'httpcompression/response_count': 29,
 'items_per_minute': None,
 'log_count/DEBUG': 35,
 'log_count/INFO': 131,
 'memusage/max': 88748032,
 'memusage/startup': 66469888,
 'request_depth_max': 29,
 'response_received_count': 29,
 'responses_per_minute': None,
 'scheduler/dequeued/redis': 30,
 'scheduler/enqueued/redis': 31,
 'start_time': datetime.datetime(2025, 3, 15, 13, 21, 27, 821493, tzinfo=datetime.timezone.utc)}
2025-03-15 21:24:02 [scrapy.core.engine] INFO: Spider closed (shutdown)
2025-03-15 21:24:03 [actresses_list] INFO: Received response: https://www.javbus.com/actresses/29 with status: 200
2025-03-15 21:24:03 [scrapy.core.engine] DEBUG: Crawled (200) <GET https://www.javbus.com/actresses/29> (referer: https://www.javbus.com/actresses/28)
2025-03-15 21:24:03 [base.base_spider] INFO: page_num:29 is_censored:True
2025-03-15 21:24:03 [base.base_spider] INFO: Now parsing page 29
2025-03-15 21:24:03 [scrapy.statscollectors] INFO: Dumping Scrapy stats:
{'downloader/request_bytes': 25325,
 'downloader/request_count': 30,
 'downloader/request_method_count/GET': 30,
 'downloader/response_bytes': 355670,
 'downloader/response_count': 30,
 'downloader/response_status_count/200': 29,
 'downloader/response_status_count/301': 1,
 'elapsed_time_seconds': 156.070205,
 'finish_reason': 'shutdown',
 'finish_time': datetime.datetime(2025, 3, 15, 13, 24, 3, 896813, tzinfo=datetime.timezone.utc),
 'httpcompression/response_bytes': 1541592,
 'httpcompression/response_count': 29,
 'items_per_minute': None,
 'log_count/DEBUG': 35,
 'log_count/INFO': 131,
 'memusage/max': 88850432,
 'memusage/startup': 66555904,
 'request_depth_max': 29,
 'response_received_count': 29,
 'responses_per_minute': None,
 'scheduler/dequeued/redis': 30,
 'scheduler/enqueued/redis': 31,
 'start_time': datetime.datetime(2025, 3, 15, 13, 21, 27, 826608, tzinfo=datetime.timezone.utc)}
2025-03-15 21:24:03 [scrapy.core.engine] INFO: Spider closed (shutdown)
